[2018-06-15 22:57:23.499] [sharedprocess] [info] main {"machineId":"f83b506e481f88724390341b6204af6e69e0e2edc41de902c6e6c5681a471d8a"}
[2018-06-15 22:57:23.549] [sharedprocess] [info] Scanned user extensions: 3
[2018-06-15 22:57:23.594] [sharedprocess] [info] Deleted from disk Mikael.angular-beastcode-6.0.15
[2018-06-15 22:57:23.612] [sharedprocess] [info] Scanned system extensions: 69
[2018-06-15 22:57:24.388] [sharedprocess] [info] Scanned user extensions: 3
[2018-06-15 22:57:24.389] [sharedprocess] [info] Scanned user extensions: 3
[2018-06-15 22:57:24.440] [sharedprocess] [info] Scanned system extensions: 69
[2018-06-15 22:57:27.548] [sharedprocess] [info] Scanned user extensions: 3
[2018-06-15 22:58:03.510] [sharedprocess] [info] Starting to clean up unused language packs.
[2018-06-15 23:02:27.619] [sharedprocess] [info] Scanned user extensions: 3
[2018-06-15 23:07:27.638] [sharedprocess] [info] Scanned user extensions: 3
[2018-06-15 23:12:27.653] [sharedprocess] [info] Scanned user extensions: 3
[2018-06-15 23:17:27.674] [sharedprocess] [info] Scanned user extensions: 3
[2018-06-15 23:22:27.689] [sharedprocess] [info] Scanned user extensions: 3
[2018-06-15 23:27:27.707] [sharedprocess] [info] Scanned user extensions: 3
[2018-06-15 23:32:27.729] [sharedprocess] [info] Scanned user extensions: 3
[2018-06-15 23:37:27.762] [sharedprocess] [info] Scanned user extensions: 3
[2018-06-15 23:42:27.776] [sharedprocess] [info] Scanned user extensions: 3
[2018-06-15 23:47:27.791] [sharedprocess] [info] Scanned user extensions: 3
[2018-06-15 23:52:28.145] [sharedprocess] [info] Scanned user extensions: 3
[2018-06-15 23:57:28.158] [sharedprocess] [info] Scanned user extensions: 3
[2018-06-16 00:02:28.175] [sharedprocess] [info] Scanned user extensions: 3
[2018-06-16 00:07:28.211] [sharedprocess] [info] Scanned user extensions: 3
[2018-06-16 00:12:28.232] [sharedprocess] [info] Scanned user extensions: 3
[2018-06-16 00:17:28.247] [sharedprocess] [info] Scanned user extensions: 3
[2018-06-16 00:22:28.260] [sharedprocess] [info] Scanned user extensions: 3
[2018-06-16 00:27:28.268] [sharedprocess] [info] Scanned user extensions: 3
