[2018-06-15 21:48:11.339] [sharedprocess] [info] main {"machineId":"f83b506e481f88724390341b6204af6e69e0e2edc41de902c6e6c5681a471d8a"}
[2018-06-15 21:48:11.394] [sharedprocess] [info] Scanned user extensions: 3
[2018-06-15 21:48:11.458] [sharedprocess] [info] Scanned system extensions: 69
[2018-06-15 21:48:13.436] [sharedprocess] [info] Scanned user extensions: 3
[2018-06-15 21:48:13.436] [sharedprocess] [info] Scanned user extensions: 3
[2018-06-15 21:48:13.441] [sharedprocess] [info] Scanned user extensions: 3
[2018-06-15 21:48:13.522] [sharedprocess] [info] Scanned system extensions: 69
[2018-06-15 21:48:13.527] [sharedprocess] [info] Scanned system extensions: 69
[2018-06-15 21:48:16.069] [sharedprocess] [info] Scanned user extensions: 3
[2018-06-15 21:48:16.378] [sharedprocess] [info] Installing extension: Angular-BeastCode
[2018-06-15 21:48:16.384] [sharedprocess] [info] Scanned user extensions: 3
[2018-06-15 21:48:19.666] [sharedprocess] [info] Downloaded extension: Angular-BeastCode
[2018-06-15 21:48:19.817] [sharedprocess] [info] Extracted extension to /home/leca/.vscode/extensions/.Mikael.angular-beastcode-6.0.16: Mikael.angular-beastcode-6.0.16
[2018-06-15 21:48:19.817] [sharedprocess] [info] Renamed to /home/leca/.vscode/extensions/Mikael.angular-beastcode-6.0.16
[2018-06-15 21:48:19.817] [sharedprocess] [info] Installation completed. Mikael.angular-beastcode-6.0.16
[2018-06-15 21:48:19.839] [sharedprocess] [info] Extensions installed successfully: Mikael.angular-beastcode
[2018-06-15 21:48:19.957] [sharedprocess] [info] Scanned user extensions: 3
[2018-06-15 21:48:19.995] [sharedprocess] [info] Scanned system extensions: 69
[2018-06-15 21:48:23.541] [sharedprocess] [info] Scanned user extensions: 3
[2018-06-15 21:48:23.543] [sharedprocess] [info] Scanned user extensions: 3
[2018-06-15 21:48:23.548] [sharedprocess] [info] Scanned user extensions: 3
[2018-06-15 21:48:23.690] [sharedprocess] [info] Scanned system extensions: 69
[2018-06-15 21:48:23.695] [sharedprocess] [info] Scanned system extensions: 69
[2018-06-15 21:48:26.141] [sharedprocess] [info] Scanned user extensions: 3
[2018-06-15 21:48:51.348] [sharedprocess] [info] Starting to clean up unused language packs.
[2018-06-15 21:53:26.229] [sharedprocess] [info] Scanned user extensions: 3
[2018-06-15 21:58:26.241] [sharedprocess] [info] Scanned user extensions: 3
[2018-06-15 22:03:26.257] [sharedprocess] [info] Scanned user extensions: 3
[2018-06-15 22:08:26.277] [sharedprocess] [info] Scanned user extensions: 3
[2018-06-15 22:13:26.292] [sharedprocess] [info] Scanned user extensions: 3
[2018-06-15 22:18:26.307] [sharedprocess] [info] Scanned user extensions: 3
[2018-06-15 22:23:26.327] [sharedprocess] [info] Scanned user extensions: 3
[2018-06-15 22:28:26.359] [sharedprocess] [info] Scanned user extensions: 3
[2018-06-15 22:33:26.379] [sharedprocess] [info] Scanned user extensions: 3
[2018-06-15 22:38:26.391] [sharedprocess] [info] Scanned user extensions: 3
[2018-06-15 22:43:26.403] [sharedprocess] [info] Scanned user extensions: 3
[2018-06-15 22:48:26.546] [sharedprocess] [info] Scanned user extensions: 3
[2018-06-15 22:53:26.563] [sharedprocess] [info] Scanned user extensions: 3
